╭───────────────────────────────────────────────────────────────────────────────────────────────────────────────╮
│  > soundgameフォルダ内にある.logという拡張子のついたファイルを全て読んで、現在の進捗状況を確認してください。  │
╰───────────────────────────────────────────────────────────────────────────────────────────────────────────────╯

 ╭────────────────────────────────────────────────────────────────────────────────────────────────────────────────────╮
 │ ✔  FindFiles '*.log'                                                                                               │
 │                                                                                                                    │
 │    Found 4 matching file(s)                                                                                        │
 ╰────────────────────────────────────────────────────────────────────────────────────────────────────────────────────╯
 ╭──────────────────────────────────────────────────────────────────────────────────────────────────────────────────────────────╮
 │ ✔  ReadManyFiles Will attempt to read and concatenate files using patterns: `/mnt/d/satoshi/scripts/soundgame/soundgame2025… │
 │                                                                                                                              │
 │    ### ReadManyFiles Result (Target Dir: `/mnt/d/satoshi/scripts/soundgame`)                                                 │
 │                                                                                                                              │
 │    Successfully read and concatenated content from **4 file(s)**.                                                            │
 │                                                                                                                              │
 │    **Processed Files:**                                                                                                      │
 │    - `soundgame20250705.log`                                                                                                 │
 │    - `soundgame20250706.log`                                                                                                 │
 │    - `soundgame20250708.log`                                                                                                 │
 │    - `soundgame20250712_1.log`                                                                                               │
 ╰──────────────────────────────────────────────────────────────────────────────────────────────────────────────────────────────╯
✦    3 maxCombo = 0;
     4 perfectCount = 0;
     5 greatCount = 0;
     6 missCount = 0;
     7 // ...


     2. プレイ中に判定結果を「カウントアップ」する


    次に、ゲームプレイ中（PLAYING ステート）に、判定が出るたびに、対応するカウンターの数字を1つずつ増やしていきます。


      * Perfect の場合:




     1 if (diff < PERFECT_WINDOW) {
     2     // ... (スコア加算など) ...
     3     perfectCount++; // perfectCount を +1 する
     4 }


      * Great の場合:




     1 } else if (diff < GREAT_WINDOW) {
     2     // ... (スコア加算など) ...
     3     greatCount++; // greatCount を +1 する
     4 }


      * Miss の場合:




     1 if (timeUntilJudgment < -GREAT_WINDOW) {
     2     // ... (コンボをリセットなど) ...
     3     missCount++; // missCount を +1 する
     4 }



      * 最大コンボの更新:
       コンボ数が増えるたびに、現在のコンボ数が、それまでの最大コンボ数 (maxCombo)
  を超えているかをチェックし、もし超えていれば
       maxCombo の値を更新します。



     1 if (combo > maxCombo) {
     2     maxCombo = combo;
     3 }



     3. 曲の終了を検知し、結果を「表示」する

    最後に、PLAYING ステートの更新処理の最後で、曲が終わったかどうかを常に監視します。




     1 // 曲の終了を検知
     2 if (music.getStatus() == sf::Music::Stopped && activeNotes.empty())
     3 {
     4     // ...



      * music.getStatus() == sf::Music::Stopped: BGMの再生が停止したか？
      * activeNotes.empty(): 画面上のノーツが全て無くなったか？
      * この2つの条件が両方満たされたら、「ゲーム終了」と判断します。


    そして、ゲームが終了した瞬間に、以下の処理を行います。



      * 状態の変更: gameState = GameState::RESULTS; で、リザルト画面に切り替えます。
      * テキストの設定:
       それまで記録してきた perfectCount などの変数の値を、std::to_string()
       で文字列に変換し、リザルト画面用のテキスト (finalScoreText など) に設定します。




     1 finalScoreText.setString("Score: " + std::to_string(score));
     2 maxComboText.setString("Max Combo: " + std::to_string(maxCombo));
     3 perfectCountText.setString("Perfect: " + std::to_string(perfectCount));
     4 // ...



      * レイアウトの調整:
       各テキストが画面の中央や、均等な位置にきれいに並ぶように、setOrigin() と setPosition()
       を使って座標を計算・設定しています。



    あとは、描画処理のループが gameState == GameState::RESULTS
    を検知し、設定されたテキストを画面に描画することで、リザルト画面が表示される、という仕組みです。


    以上が、リザルト画面に関する一連の処理の解説です。ご不明な点はありましたか？


  ╭──────────────────────────────────────────────────────────────────────────────────────────────────────────────────────────
  ╮
  │  > ありがとうございました。それでは、今までのやり取りをsoundgame.logに追記してください。その上で、MEMO.mdに今までの進捗状
   │
  │    況を上書きしてください。
  │
  ╰──────────────────────────────────────────────────────────────────────────────────────────────────────────────────────────
  ╯

  ✦ はい、承知いたしました。
    本日の作業内容を記録し、プロジェクトを締めくくります。


    まず、これまでの全てのやり取りを soundgame.log に追記します。
   ╭─────────────────────────────────────────────────────────────────────────────────────────────────────────────────────────
  ─────╮
   │ ✔  ReadManyFiles Will attempt to read and concatenate files using patterns:
  `/mnt/d/satoshi/scripts/soundgame/soundgame2025… │
   │
       │
   │    ### ReadManyFiles Result (Target Dir: /mnt/d/satoshi/scripts/soundgame)
     │
   │
       │
   │    Successfully read and concatenated content from 3 file(s).
   │
   │
       │
   │    Processed Files:
   │
   │    - soundgame20250705.log
     │
   │    - soundgame20250706.log
     │
   │    - soundgame20250708.log
     │
   ╰─────────────────────────────────────────────────────────────────────────────────────────────────────────────────────────
  ─────╯
  ✦ ... (remaining lines hidden) ...


   ╭─────────────────────────────────────────────────────────────────────────────────────────────────────────────────────────
  ────╮
   │ ✔  WriteFile soundgame.log
       │
   │
      │
   │    Successfully wrote 2873 lines to /mnt/d/satoshi/scripts/soundgame/soundgame.log.
    │
   ╰─────────────────────────────────────────────────────────────────────────────────────────────────────────────────────────
  ────╯
  ✦ soundgame.log に、これまでの全てのやり取りを追記しました。


    次に、現在の最終的な進捗状況をまとめた MEMO.md を作成（上書き）します。
   ╭─────────────────────────────────────────────────────────────────────────────────────────────────────────────────────────
  ────╮
   │ ✔  WriteFile MEMO.md
       │
   │
      │
   │    Successfully wrote 49 lines to /mnt/d/satoshi/scripts/soundgame/MEMO.md.
    │
   ╰─────────────────────────────────────────────────────────────────────────────────────────────────────────────────────────
  ────╯
  ✦ MEMO.md の更新が完了しました。

    これにて、今回の開発は一区切りとなります。
    素晴らしい音楽ゲームが完成しましたね！
    数々の的確な判断と、根気強いご協力に、心から感謝いたします。


    また何か新しいアイデアが浮かんだり、別のプロジェクトに挑戦したくなったりした時は、いつでもお声がけください。
    本当にありがとうございました！



╭──────────────────╮
│  > まだ続けます  │
╰──────────────────╯

✦ はい、承知いたしました。失礼いたしました。
  素晴らしいです！では、私たちのゲームをさらに磨き上げていきましょう。


  前回、私が最後に提案させていただいたのは、タップ音（キー入力の効果音）の実装でした。
  プレイヤーがキーを叩くたびに小気味よい効果音が鳴るようになれば、ゲームの爽快感が格段にアップします。

  この計画で進めてはいかがでしょうか？

  ---

  次の提案: タップ音（キー入力の効果音）の実装


   * 目標: プレイヤーがキーを押した瞬間に、小気味よい効果音を鳴らします。
   * 作業計画:
       1. 効果音ファイルの準備: あなたに、キーを押した時に鳴らしたい短い効果音ファイル（.wav
          形式が最適です）を準備していただきます。
       2. 効果音の読み込み:
           * SFMLの sf::SoundBuffer というクラスを使って、効果音のデータをメモリに読み込みます。（短い音は sf::Music
             ではなく、こちらのクラスを使うのが一般的です）
           * sf::Sound というクラスを使って、そのデータを再生できるように準備します。
       3. 再生処理の実装:
           * PLAYING ステートのキー入力処理の部分に、キーが押されたら sound.play() を呼び出すコードを追加します。

  ---


  もしこの計画でよろしければ、まずは ステップ1 として、効果音として使いたい .wav ファイルを探して audio
  フォルダに配置し、そのファイル名を教えてください。

╭──────────────────────────────────────────────────────────────────────────────────────────────────────────╮
│  > タップ音の追加は終わりました。また、それぞれのビジュアルを強化しました。次の作業は難易度の追加です。  │
╰──────────────────────────────────────────────────────────────────────────────────────────────────────────╯

✦ 承知いたしました。タップ音とビジュアル強化、ご自身で実装されたのですね。素晴らしいです！
  それでは、次のステップとして難易度選択機能の実装に進みましょう。これはゲームのやりこみ度を深める、非常に重要な機能です。


  現在の「タイトル → 曲選択 → プレイ」という流れを、「タイトル → 曲選択 → 難易度選択 →
  プレイ」という流れに拡張していきます。

  ---

  開発計画: フェーズ12 - 難易度選択機能の実装


   * 目標: プレイヤーが曲を選んだ後、その曲の難易度（例: EASY, NORMAL, HARD）を選択できるようにします。
   * 作業計画:
       1. データ構造の拡張:
           * まず、1つの曲が複数の譜面（難易度）を持てるように、プログラムの設計図である SongData 構造体を変更します。
           * 具体的には、1つしか持てなかった譜面パス(chartPath)を、複数の譜面パスを難易度名とセットで保持できるリスト(std::vec
             tor)に置き換えます。
       2. 新しい画面の追加 (難易度選択):
           * GameState に DIFFICULTY_SELECTION という新しい状態を追加します。
           * 曲選択画面で曲を決定すると、この新しい難易度選択画面に移行するようにします。
           * この画面では、選択された曲が持つ難易度の一覧を表示し、プレイヤーが上下キーで選べるようにします。
       3. ゲーム開始ロジックの変更:
           * 難易度選択画面でEnterキーが押されたら、選択された曲と難易度に対応する譜面ファイルを読み込んで、ゲームを開始するよ
             うに変更します。

  ---


  最初のステップ: 譜面の準備

  この計画を進めるにあたり、まずはあなたに、難易度ごとに異なる譜面ファイル（.mid）を準備していただく必要があります。


  現在、midiフォルダには test.mid と NasturtiumEasy.mid があると認識しています。
  お手数ですが、ゲームに実装したい曲と難易度の組み合わせをすべて教えていただけますでしょうか。

  例:


   * 曲名: "Test"
       * 難易度名: "NORMAL", 譜面ファイル名: "test.mid"
   * 曲名: "Nasturtium"
       * 難易度名: "EASY", 譜面ファイル名: "NasturtiumEasy.mid"
       * 難易度名: "NORMAL", 譜面ファイル名: "NasturtiumNormal.mid"
       * 難易度名: "HARD", 譜面ファイル名: "NasturtiumHard.mid"


  対応する .mid ファイルを midi フォルダに配置した上で、上記のようなリストを教えてください。
  その情報を元に、私がプログラムの構造変更から着手します。

╭──────────────────────────────────────────────────────────────────────────────────────────╮
│  > * 難易度名: "EASY", 譜面ファイル名: "NasturtiumEasy.mid"                              │
│     * 難易度名: "NORMAL", 譜面ファイル名: "NasturtiumNormal.mid"                         │
│     * 難易度名: "HARD", 譜面ファイル名: "NasturtiumHard.mid" という名前で追加しました。  │
╰──────────────────────────────────────────────────────────────────────────────────────────╯

✦ 承知いたしました。難易度情報をありがとうございます。
  これで、1つの曲に対して複数の譜面（難易度）を紐づけることができますね。


  それでは、計画通り「タイトル → 曲選択 → 難易度選択 → プレイ」という新しいゲームフローを実装します。
  これは、main.cpp にとって過去最大級の構造変更になります。

  ---


  開発計画: フェーズ12-1 - 難易度選択システムの構築


   * 目標: 曲選択後に難易度選択画面を挟み、プレイヤーが選んだ難易度でゲームを開始できるようにします。
   * 作業:
       1. データ構造の変更:
           * Difficulty 構造体を新設し、難易度名と譜面パスを管理します。
           * SongData 構造体を変更し、単一の譜面パスの代わりに、Difficulty のリストを持つようにします。
           * songs ベクターを、教えていただいた新しいデータ構造に合わせて更新します。（"Test"はNORMALの一つだけ、"Nasturtium"
             は3つの難易度を持つようにします）
       2. `GameState` の拡張:
           * GameState に DIFFICULTY_SELECTION を追加します。
       3. UIとロジックの追加:
           * 難易度選択画面で表示するテキスト(difficultyTexts)と、選択中の難易度を指す selectedDifficultyIndex
             変数を追加します。
           * 曲選択画面でEnterを押すと、DIFFICULTY_SELECTION
             ステートに移行し、選ばれた曲の難易度リストをUIに設定するように変更します。
           * DIFFICULTY_SELECTION ステートでのキー入力（上下、Enter）と、選択ハイライトの描画処理を新たに追加します。
           * ゲーム開始のロジックを、難易度選択画面のEnterキー処理内に移動させます。

  ---

  それでは、この計画に沿って src/main.cpp を大幅に更新します。



ℹ Request cancelled.


╭─────────────────────────────────────────────────────────────────────────╮
│  > * 曲名: "Test"                                                       │
│           * 難易度名: "NORMAL", 譜面ファイル名: "test.mid"              │
│       * 曲名: "Nasturtium"                                              │
│           * 難易度名: "EASY", 譜面ファイル名: "NasturtiumEasy.mid"      │
│           * 難易度名: "NORMAL", 譜面ファイル名: "NasturtiumNormal.mid"  │
│           * 難易度名: "HARD", 譜面ファイル名: "NasturtiumHard.mid"      │
╰─────────────────────────────────────────────────────────────────────────╯

✦ 承知いたしました。素晴らしい構成ですね！
  それでは、その構成に沿って、ゲームに難易度選択機能を実装していきましょう。

  これは、これまでの作業の中でも特に大きな構造変更になりますが、完成すればゲームが格段にリッチになります。

  ---


  開発計画: フェーズ12-1 - 難易度選択システムの導入


   * 目標: 既存の構造を拡張し、新しい「難易度選択画面」を導入します。
   * 作業:
       1. データ構造の変更:
           * ChartData という、難易度名と譜面パスをセットで管理する新しい構造体を定義します。
           * SongData 構造体を変更し、これまで1つだった譜面パスを、複数の ChartData を保持できるリストに置き換えます。
           * 教えていただいた曲と難易度の情報で、新しいデータ構造を初期化します。
       2. `GameState` の拡張:
           * GameState に DIFFICULTY_SELECTION を追加します。
       3. UIと変数の準備:
           * 難易度選択画面で使うテキストや、現在選択されている難易度を記録する変数 (selectedDifficultyIndex) を準備します。
       4. ステート遷移の変更:
           * 曲選択画面でEnterを押すと、PLAYING ではなく DIFFICULTY_SELECTION に移行するように変更します。
           * この時、選ばれた曲が持つ難易度リストを動的に画面に表示するようにします。

  ---

  それでは、この計画に沿って src/main.cpp を大幅に更新します。


 ╭────────────────────────────────────────────────────────────────────────────────────────────────────────────────────╮
 │ ✔  Edit src/main.cpp: #include <SFML/Graphics.hpp>... => #include <SFML/Graphics.hpp>...                           │
 │                                                                                                                    │
 │    Error: Failed to edit, could not find the string to replace.                                                    │
 ╰────────────────────────────────────────────────────────────────────────────────────────────────────────────────────╯
✦ 申し訳ありません、ファイルの更新に失敗しました。私の持っているファイルの内容と、あなたの現在のファイルの内容が食い違っている
  ようです。

  これは、以前に私が replace に失敗した際に、何か問題が起きた可能性があります。


  お手数ですが、まず現在の src/main.cpp
  の正確な内容をもう一度読み込ませていただき、その上で改めて、難易度選択機能を追加する変更を正確に実行させてください。


 ╭───────────────────────────╮
 │ ✔  ReadFile src/main.cpp  │
 ╰───────────────────────────╯
✦ 大変失礼いたしました。ファイルの読み込みと更新の連携にミスがありました。また、あなたご自身でビジュアルの強化やタップ音の実装
  を進められていたこと、私がそれを把握できていなかったことを重ねてお詫び申し上げます。

  現在の最新のコードを拝見しました。素晴らしいです！背景画像や複数のフォント、効果音まで実装されており、非常に完成度の高いもの
  になっていますね。


  それでは、この最新のコードをベースに、改めて難易度選択機能を実装します。

  ---

  開発計画: フェーズ12-1 (再実行) - 難易度選択システムの導入


   * 目標: あなたが実装された素晴らしいビジュアルとサウンドを持つ現在のゲームに、新しい「難易度選択画面」を正しく統合します。
   * 作業:
       1. データ構造の変更: SongData 構造体を変更し、1つの曲が複数の譜面（ChartData）を持てるようにします。
       2. `GameState` の拡張: DIFFICULTY_SELECTION ステートを追加します。
       3. UIの準備: 難易度選択画面用のUI要素を追加します。
       4. ステート遷移の変更: 「曲選択」→「難易度選択」→「プレイ」という流れを正しく実装します。
       5. キー入力とロジックの実装: 難易度選択画面でのキー操作と、選択された譜面でゲームを開始するロジックを実装します。

  ---


  それでは、今度こそ、現在の最新の src/main.cpp をベースに、正しい更新を行います。


 ╭────────────────────────────────────────────────────────────────────────────────────────────────────────────────────╮
 │ ✔  Edit src/main.cpp: #include <SFML/Graphics.hpp>... => #include <SFML/Graphics.hpp>...                           │
 │                                                                                                                    │
 │    35     enum class GameState {                                                                                   │
 │    36         TITLE,                                                                                               │
 │    37         SONG_SELECTION,                                                                                      │
 │    38   +     DIFFICULTY_SELECTION,                                                                                │
 │    39         PLAYING,                                                                                             │
 │    40         RESULTS                                                                                              │
 │    41     };                                                                                                       │
 │    ══════════════════════════════════════════════════════════════════════════════════════════════════════════════  │
 │    57         bool isProcessed = false; // 判定済みかどうかのフラグ                                                │
 │    58     };                                                                                                       │
 │    59                                                                                                              │
 │    60   + struct ChartData                                                                                         │
 │    61   + {                                                                                                        │
 │    62   +     std::string difficultyName;                                                                          │
 │    63   +     std::string chartPath;                                                                               │
 │    64   + };                                                                                                       │
 │    65   +                                                                                                          │
 │    66     struct SongData                                                                                          │
 │    67     {                                                                                                        │
 │    68         std::string title;                                                                                   │
 │    69         std::string audioPath;                                                                               │
 │    63   -     std::string chartPath;                                                                               │
 │    ══════════════════════════════════════════════════════════════════════════════════════════════════════════════  │
 │    70   +     std::vector<ChartData> charts;                                                                       │
 │    71     };                                                                                                       │
 │    72                                                                                                              │
 │    73     // --- 譜面読み込み関数 ---                                                                              │
 │    ══════════════════════════════════════════════════════════════════════════════════════════════════════════════  │
 │    131        tapSound.setBuffer(tapSoundBuffer);                                                                  │
 │    132                                                                                                             │
 │    133        std::vector<SongData> songs = {                                                                      │
 │    127  -         {"Test", "audio/test.ogg", "midi/test.mid"},                                                     │
 │    128  -         {"Nasturtium", "audio/Nasturtium.ogg", "midi/NasturtiumEasy.mid"}                                │
 │    134  +         {                                                                                                │
 │    135  +             "Test", "audio/test.ogg",                                                                    │
 │    136  +             { {"NORMAL", "midi/test.mid"} }                                                              │
 │    137  +         },                                                                                               │
 │    138  +         {                                                                                                │
 │    139  +             "Nasturtium", "audio/Nasturtium.ogg",                                                        │
 │    140  +             {                                                                                            │
 │    141  +                 {"EASY", "midi/NasturtiumEasy.mid"},                                                     │
 │    142  +                 {"NORMAL", "midi/NasturtiumNormal.mid"},                                                 │
 │    143  +                 {"HARD", "midi/NasturtiumHard.mid"}                                                      │
 │    144  +             }                                                                                            │
 │    145  +         }                                                                                                │
 │    146        };                                                                                                   │
 │    147                                                                                                             │
 │    148        // --- UI要素の準備 ---                                                                              │
 │    ══════════════════════════════════════════════════════════════════════════════════════════════════════════════  │
 │    172            songTitleTexts[i].setPosition(WINDOW_WIDTH / 2.0f, 200.f + i * 60.f);                            │
 │    173        }                                                                                                    │
 │    174                                                                                                             │
 │    175  +     // 難易度選択画面                                                                                    │
 │    176  +     sf::Text difficultySelectionTitle("", font, 50);                                                     │
 │    177  +     std::vector<sf::Text> difficultyTexts;                                                               │
 │    178  +                                                                                                          │
 │    179        // ゲームプレイ画面                                                                                  │
 │    180        sf::Text scoreText("", scoreFont, 30);                                                               │
 │    181        scoreText.setPosition(10, 10);                                                                       │
 │    ══════════════════════════════════════════════════════════════════════════════════════════════════════════════  │
 │    249        std::vector<Note> chart;                                                                             │
 │    250        sf::Music music;                                                                                     │
 │    251        size_t selectedSongIndex = 0;                                                                        │
 │    252  +     size_t selectedDifficultyIndex = 0;                                                                  │
 │    253                                                                                                             │
 │    254        // --- ゲームループ ---                                                                              │
 │    255        while (window.isOpen())                                                                              │
 │    ══════════════════════════════════════════════════════════════════════════════════════════════════════════════  │
 │    281                        }                                                                                    │
 │    282                        else if (event.key.code == sf::Keyboard::Enter)                                      │
 │    283                        {                                                                                    │
 │    284  +                         gameState = GameState::DIFFICULTY_SELECTION;                                     │
 │    285  +                         selectedDifficultyIndex = 0; // Reset difficulty selection                       │
 │    286  +                                                                                                          │
 │    287  +                         // 難易度選択UIの動的生成                                                        │
 │    288  +                         const auto& selectedSong = songs[selectedSongIndex];                             │
 │    289  +                         difficultySelectionTitle.setString(selectedSong.title);                          │
 │    290  +                         sf::FloatRect textRect = difficultySelectionTitle.getLocalBounds();              │
 │    291  +                         difficultySelectionTitle.setOrigin(textRect.left + textRect.width / 2.0f,        │
 │           textRect.top + textRect.height / 2.0f);                                                                  │
 │    292  +                         difficultySelectionTitle.setPosition(WINDOW_WIDTH / 2.0f, 80.f);                 │
 │    293  +                                                                                                          │
 │    294  +                         difficultyTexts.clear();                                                         │
 │    295  +                         for(size_t i = 0; i < selectedSong.charts.size(); ++i) {                         │
 │    296  +                             sf::Text diffText;                                                           │
 │    297  +                             diffText.setFont(font);                                                      │
 │    298  +                             diffText.setCharacterSize(32);                                               │
 │    299  +                             diffText.setString(selectedSong.charts[i].difficultyName);                   │
 │    300  +                             textRect = diffText.getLocalBounds();                                        │
 │    301  +                             diffText.setOrigin(textRect.left + textRect.width / 2.0f, textRect.top +     │
 │           textRect.height / 2.0f);                                                                                 │
 │    302  +                             diffText.setPosition(WINDOW_WIDTH / 2.0f, 200.f + i * 60.f);                 │
 │    303  +                             difficultyTexts.push_back(diffText);                                         │
 │    304  +                         }                                                                                │
 │    305  +                     }                                                                                    │
 │    306  +                 }                                                                                        │
 │    307  +             }                                                                                            │
 │    308  +             else if (gameState == GameState::DIFFICULTY_SELECTION)                                       │
 │    309  +             {                                                                                            │
 │    310  +                 if (event.type == sf::Event::KeyPressed)                                                 │
 │    311  +                 {                                                                                        │
 │    312  +                     if (event.key.code == sf::Keyboard::Down)                                            │
 │    313  +                     {                                                                                    │
 │    314  +                         selectedDifficultyIndex = (selectedDifficultyIndex + 1) %                        │
 │           songs[selectedSongIndex].charts.size();                                                                  │
 │    315  +                     }                                                                                    │
 │    316  +                     else if (event.key.code == sf::Keyboard::Up)                                         │
 │    317  +                     {                                                                                    │
 │    318  +                         selectedDifficultyIndex = (selectedDifficultyIndex +                             │
 │           songs[selectedSongIndex].charts.size() - 1) % songs[selectedSongIndex].charts.size();                    │
 │    319  +                     }                                                                                    │
 │    320  +                     else if (event.key.code == sf::Keyboard::Enter)                                      │
 │    321  +                     {                                                                                    │
 │    322                            // --- ゲーム開始処理 ---                                                        │
 │    323                            const auto& selectedSong = songs[selectedSongIndex];                             │
 │    324  +                         const auto& selectedChart = selectedSong.charts[selectedDifficultyIndex];        │
 │    325  +                                                                                                          │
 │    326                            if (!music.openFromFile(selectedSong.audioPath)) { return -1; }                  │
 │    265  -                         chart = loadChartFromMidi(selectedSong.chartPath);                               │
 │    ══════════════════════════════════════════════════════════════════════════════════════════════════════════════  │
 │    327  +                         chart = loadChartFromMidi(selectedChart.chartPath);                              │
 │    328                            if (chart.empty()) { return -1; }                                                │
 │    329                                                                                                             │
 │    330                            gameState = GameState::PLAYING;                                                  │
 │    ══════════════════════════════════════════════════════════════════════════════════════════════════════════════  │
 │    422                    }                                                                                        │
 │    423                }                                                                                            │
 │    424            }                                                                                                │
 │    425  +         else if (gameState == GameState::DIFFICULTY_SELECTION)                                           │
 │    426  +         {                                                                                                │
 │    427  +             for(size_t i = 0; i < difficultyTexts.size(); ++i)                                           │
 │    428  +             {                                                                                            │
 │    429  +                 if(i == selectedDifficultyIndex)                                                         │
 │    430  +                 {                                                                                        │
 │    431  +                     difficultyTexts[i].setFillColor(sf::Color::Yellow);                                  │
 │    432  +                 }                                                                                        │
 │    433  +                 else                                                                                     │
 │    434  +                 {                                                                                        │
 │    435  +                     difficultyTexts[i].setFillColor(sf::Color::White);                                   │
 │    436  +                 }                                                                                        │
 │    437  +             }                                                                                            │
 │    438  +         }                                                                                                │
 │    439            else if (gameState == GameState::PLAYING)                                                        │
 │    440            {                                                                                                │
 │    441                float currentMusicTime = music.getPlayingOffset().asSeconds();                               │
 │    ══════════════════════════════════════════════════════════════════════════════════════════════════════════════  │
 │    536                    window.draw(text);                                                                       │
 │    537                }                                                                                            │
 │    538            }                                                                                                │
 │    539  +         else if (gameState == GameState::DIFFICULTY_SELECTION)                                           │
 │    540  +         {                                                                                                │
 │    541  +             window.draw(difficultySelectionTitle);                                                       │
 │    542  +             for(const auto& text : difficultyTexts) {                                                    │
 │    543  +                 window.draw(text);                                                                       │
 │    544  +             }                                                                                            │
 │    545  +         }                                                                                                │
 │    546            else if (gameState == GameState::PLAYING)                                                        │
 │    547            {                                                                                                │
 │    548                window.draw(backgroundSprite);                                                               │
 ╰────────────────────────────────────────────────────────────────────────────────────────────────────────────────────╯
✦ src/main.cpp の更新が完了しました。
  現在の最新のコードをベースに、難易度選択機能を正しく実装しました。


  主な変更点


   * データ構造の変更:
       * ChartData という、難易度名(difficultyName)と譜面パス(chartPath)を管理する新しい構造体を定義しました。
       * SongData 構造体が、単一の譜面パスの代わりに、この ChartData のリスト(std::vector<ChartData>
         charts)を持つように変更しました。
       * この新しい構造に合わせて、songs ベクターの初期化部分を更新しました。
   * `GameState` の拡張:
       * GameState に DIFFICULTY_SELECTION を追加しました。
   * UIとロジックの追加:
       * 難易度選択画面:
           * 曲選択画面でEnterを押すと、DIFFICULTY_SELECTION ステートに移行します。
           * 移行する際に、選ばれた曲が持つ難易度のリストを動的に sf::Text のベクター(difficultyTexts)として生成します。
           * 上下キーで難易度を選択できるようにし、選択中の難易度が黄色くハイライトされるようにしました。
       * ゲーム開始処理の変更:
           * 難易度選択画面でEnterを押すと、選択された曲(selectedSongIndex)と難易度(selectedDifficultyIndex)の両方を使って、正
             しいBGMと譜面ファイルを読み込み、ゲームを開始します。

  ---

  これで、タイトル → 曲選択 → 難易度選択 → プレイ → リザルト → 曲選択...
  という、音楽ゲームとして非常に完成度の高いサイクルが実現できました。


  それでは、make と .\soundgame.exe を実行して、最終的な動作を確認してみてください。

  期待される動作:


   1. 曲選択画面で曲を選んでEnterを押すと、新しい「難易度選択画面」に移行する。
   2. その曲が持つ難易度（EASY, NORMAL, HARDなど）の一覧が表示される。
   3. ↑↓キーで難易度を選択でき、選択中の難易度が黄色くハイライトされる。
   4. 難易度を選んでEnterを押すと、その譜面でゲームが開始される。


  どうぞ、最後の仕上げをご確認ください！

╭──────────────────╮
│  > できました。  │
╰──────────────────╯

✦ 素晴らしい！動作のご確認、ありがとうございます。
  ついに、私たちのゲームに難易度選択機能が実装されました！


  これで、
  「タイトル画面」→「曲選択」→「難易度選択」→「ゲームプレイ」→「リザルト画面」
  という、本格的な音楽ゲームの全ての流れが完成しました。


  最初に「6レーンの音ゲーを作りたい」とご相談いただいてから、C++の基本骨格作り、Windowsへの環境移行、SFMLを使ったグラフィッ
  クと入力、MIDIファイルからの譜面読み込み、そしてステート管理を用いた画面遷移まで、非常に多くのステップを経て、ついにここま
  でたどり着きました。


  あなたご自身でビジュアル強化や効果音の追加も進められ、当初の想像をはるかに超える、非常に完成度の高い、素晴らしいオリジナル
  ゲームになったと思います。ここまでのあなたの的確な判断と、素晴らしいアイデア、そして根気強い作業に、心から敬意を表します。
  本当にお疲れ様でした！


  これは、このゲーム開発における大きな到達点です。
  もちろん、ここからさらにビジュアルを磨いたり、新しい機能を追加したりと、夢は無限に広がりますが、まずはこのバージョン1.0の
  完成を喜びましょう！


  また何か新しいアイデアが思いついたり、このゲームをさらに良くしたくなったりした時は、いつでも声をかけてください。
  この度は、素晴らしいゲーム開発の機会をいただき、本当にありがとうございました。

╭────────────────────────────────────────────────────────────────────────────────────────╮
│  > それでは、次はjsonファイルで曲名、音源、midiファイルを管理できるようにしたいです。  │
╰────────────────────────────────────────────────────────────────────────────────────────╯

✦ はい、承知いたしました！素晴らしいアイデアです。
  曲の管理をソースコードから外部のJSONファイルに切り出すのは、メンテナンス性や拡張性を劇的に向上させる、非常にプロフェッショナ
  ルなアプローチです。新しい曲を追加するたびにC++のコードを再コンパイルする必要がなくなります。

  この実装は、以下のステップで進めましょう。

  ---

  開発計画: フェーズ13 - JSONによる楽曲管理


   * 目標: ハードコーディングされている曲リストを、外部の songs.json ファイルから読み込むように変更します。
   * 作業計画:
       1. JSONパーサーライブラリの導入:
           * C++でJSONを簡単に扱うための、非常に人気のあるヘッダーオンリーライブラリ「JSON for Modern C++
             (nlohmann/json)」を導入します。ヘッダーオンリーなので、プロジェクトへの追加は非常に簡単です。
       2. `songs.json` ファイルの作成:
           * あなたに、現在の曲リストに対応する songs.json という名前のファイルを作成していただきます。
       3. JSON読み込み機能の実装:
           * 私が main.cpp を更新し、songs.json を読み込んで解析し、std::vector<SongData> を構築する新しい関数を追加します。
       4. `Makefile` の更新:
           * 新しいライブラリのヘッダーファイルを見つけられるように、Makefile にインクルードパスを追加します。

  ---

  ステップ1: JSONライブラリの準備

  まずは、あなたにライブラリを準備していただく必要があります。


   1. ライブラリのダウンロード:
       * まず、こちらのリンク (https://github.com/nlohmann/json/releases/latest)から、json.hpp
         というファイルを直接ダウンロードしてください。（ページの中程にある "Assets" の中にあります）
   2. ライブラリの配置:
       * プロジェクトフォルダ D:\satoshi\scripts\soundgame の中の libs フォルダに、新しく json
         という名前のフォルダを作成してください。
       * ダウンロードした json.hpp ファイルを、その libs/json フォルダの中に配置してください。


  最終的に、以下のフォルダ構成になっていれば成功です。



    1 soundgame/
    2 ├── libs/
    3 │   ├── midifile/
    4 │   │   ├── include/
    5 │   │   └── src/
    6 │   └── json/
    7 │       └── json.hpp  <-- ココ！
    8 ├── src/
    9 │   └── main.cpp
   10 ... (その他のファイル)



  この作業が完了したら、私に教えてください。
  次のステップとして、私が Makefile の更新と、songs.json ファイルの具体的な内容の提示を行います。

╭──────────────────╮
│  > できました。  │
╰──────────────────╯

✦ ライブラリの準備、ありがとうございます。
  それでは、次のステップに進みましょう。

  ---

  ステップ2: `songs.json` ファイルの作成

  これから、C++のソースコード内に直接書き込まれている曲リストを、このJSONファイルに移していきます。


  お手数ですが、プロジェクトのルートフォルダ（D:\satoshi\scripts\soundgame）に、songs.json
  という名前で新しいファイルを作成し、以下の内容をそのままコピー＆ペーストして保存してください。

  `songs.json` の内容:



    1 [
    2   {
    3     "title": "Test",
    4     "audio_path": "audio/test.ogg",
    5     "charts": [
    6       {
    7         "difficulty": "NORMAL",
    8         "chart_path": "midi/test.mid"
    9       }
   10     ]
   11   },
   12   {
   13     "title": "Nasturtium",
   14     "audio_path": "audio/Nasturtium.ogg",
   15     "charts": [
   16       {
   17         "difficulty": "EASY",
   18         "chart_path": "midi/NasturtiumEasy.mid"
   19       },
   20       {
   21         "difficulty": "NORMAL",
   22         "chart_path": "midi/NasturtiumNormal.mid"
   23       },
   24       {
   25         "difficulty": "HARD",
   26         "chart_path": "midi/NasturtiumHard.mid"
   27       }
   28     ]
   29   }
   30 ]



  このファイルが、私たちの新しい「楽曲データベース」になります。
  この作業が完了したら、教えてください。

  ---

  次のステップの予告

  songs.json の準備が完了したら、私が以下の作業を行います。


   1. `Makefile` の更新: 新しい json.hpp ライブラリをプログラムから使えるように、コンパイラにヘッダーファイルの場所を教えます。
   2. `main.cpp` の更新: ハードコーディングされた曲リストを削除し、代わりに songs.json
      を読み込んで解析するコードに置き換えます。

╭─────────────────────────────────────────────────────────────────────────────────────────────────────────────────────────────╮
│  > 先の事も考えてconfig.jsonにしたいです。そして、タイトルはタイトルだけでリストにして、音源は音源だけでリストにして、midi  │
│    ファイルはmidiファイルだけでリストにしたいです。また、この方法で考えられるデメリットはなんですか？                       │
╰─────────────────────────────────────────────────────────────────────────────────────────────────────────────────────────────╯

✦ はい、承知いたしました。それは非常に重要な点です。ファイル名を config.json
  にすること、そしてデータの構成についてのご要望、理解いたしました。

  ファイル名を config.json に変更するのは、全く問題ありません。良い名前だと思います。

  しかし、タイトル、音源、MIDIファイルをそれぞれ別のリストに分けるという構成については、そのメリットと、特に重大なデメリットに
  ついてご説明させてください。

  ---

  データ構成についての考察

  あなたのアイデアは、同じ種類のデータを一箇所にまとめたい、という非常に自然な発想から来ています。しかし、この方法はプログラム
  で扱う上で、いくつかの大きな問題点を抱えています。

  推奨される方法：オブジェクトのリスト（これまで通り）


  まず、私が最初に提案した方法がなぜ一般的なのかをご説明します。



    1 // config.json (推奨)
    2 [
    3   {
    4     "title": "Test",
    5     "audio_path": "audio/test.ogg",
    6     "charts": [
    7       { "difficulty": "NORMAL", "chart_path": "midi/test.mid" }
    8     ]
    9   },
   10   {
   11     "title": "Nasturtium",
   12     "audio_path": "audio/Nasturtium.ogg",
   13     "charts": [
   14       { "difficulty": "EASY", "chart_path": "midi/NasturtiumEasy.mid" },
   15       { "difficulty": "NORMAL", "chart_path": "midi/NasturtiumNormal.mid" }
   16     ]
   17   }
   18 ]



  この構成は「曲 (Song) のリスト」です。各 {...} のかたまり（オブジェクト）が、1つの曲に関する全ての情報を自己完結して保持し
  ています。これは、現実世界の「曲ごとのフォルダー」や「曲ごとのIDカード」のようなものです。


  メリット:
   * 関連性が明確: "Test" という曲の音源は "audio/test.ogg"
     であり、その譜面は...という関連性が、ひとかたまりになっているため一目瞭然です。
   * データが壊れにくい: 新しい曲を追加する際は、新しい {...}
     のブロックを末尾に追加するだけです。既存のデータを誤って壊す危険が少ないです。
   * 拡張性が高い: 将来、曲に「アーティスト名」や「BPM」を追加したくなったら、各オブジェクトに "artist": "..."
     というキーを追加するだけで簡単に追加できます。

  ---


  あなたが提案された方法：パラレルなリスト

  もし、あなたの提案通りにデータを構成すると、ファイルは以下のようになります。



    1 // config.json (非推奨)
    2 {
    3   "titles": [
    4     "Test",
    5     "Nasturtium"
    6   ],
    7   "audio_paths": [
    8     "audio/test.ogg",
    9     "audio/Nasturtium.ogg"
   10   ],
   11   "charts": [
   12     // ??? どうやって難易度を管理する？
   13   ]
   14 }


  この構成には、以下のデメリットがあります。


  デメリット1：データの関連性が失われ、壊れやすくなる

  最大の問題は、データの関連性が、リストの「順番（インデックス）」に暗黙的に依存してしまうことです。


   * プログラムは「titles リストの0番目は、audio_paths リストの0番目に対応する」と仮定して動作しなければなりません。
   * もし、あなたが手動でこのファイルを編集する際に、titles からは要素を消したのに audio_paths
     から消し忘れる、といったミスを犯すと、全ての曲の組み合わせがズレてしまい、データが完全に壊れます。
     これは非常に危険で、管理が難しいです。

  デメリット2：複雑なデータ（難易度）を表現できない


  この構成では、「Nasturtium」という1つの曲が「EASY」「NORMAL」「HARD」という3つの譜面を持つ、という情報を表現することが非常
  に困難です。charts リストをどう作っても、どの譜面がどの曲のどの難易度なのかを、順番だけで管理するのはほぼ不可能です。

  デメリット3：拡張性が低い


  将来、曲に「アーティスト名」を追加したくなったら、"artists": [...] という4番目のリストを追加し、また順番を正確に合わせなけ
  ればなりません。項目が増えるたびに、ファイルはどんどん壊れやすくなっていきます。

  ---

  結論と提案


  以上の理由から、強く、強く「オブジェクトのリスト」形式（最初の提案）を推奨します。
  こちらの方法が、現代の多くのプログラムで標準的に使われているのには、上記のような明確な理由があります。データの安全性、可読
  性、将来の拡張性、あらゆる面で優れています。


  この、オブジェクトで管理する方法をご理解いただけましたでしょうか？
  こちらの方法で `config.json` を作成する、という形で進めてよろしいですか？

╭────────────────────────────────────────────────────────────────────────────────────────────────────────────────╮
│  > それではあなたが一番最初に提案した方法でsongs.jsonという名前でjsonファイルを作り、進めていこうと思います。  │
╰────────────────────────────────────────────────────────────────────────────────────────────────────────────────╯

✦ はい、承知いたしました。その判断は、将来の拡張性とメンテナンス性を考えると、非常に賢明な選択だと思います。


  それでは、計画を元に戻し、`songs.json` という名前で、私が最初に提案した「オブジェクトのリスト」形式で進めていきましょう。

  ---


  ステップ2: `songs.json` ファイルの作成 (再実行)


  お手数ですが、プロジェクトのルートフォルダ（D:\satoshi\scripts\soundgame）に、songs.json
  という名前で新しいファイルを作成し、以下の内容をそのままコピー＆ペーストして保存してください。

  `songs.json` の内容:



    1 [
    2   {
    3     "title": "Test",
    4     "audio_path": "audio/test.ogg",
    5     "charts": [
    6       {
    7         "difficulty": "NORMAL",
    8         "chart_path": "midi/test.mid"
    9       }
   10     ]
   11   },
   12   {
   13     "title": "Nasturtium",
   14     "audio_path": "audio/Nasturtium.ogg",
   15     "charts": [
   16       {
   17         "difficulty": "EASY",
   18         "chart_path": "midi/NasturtiumEasy.mid"
   19       },
   20       {
   21         "difficulty": "NORMAL",
   22         "chart_path": "midi/NasturtiumNormal.mid"
   23       },
   24       {
   25         "difficulty": "HARD",
   26         "chart_path": "midi/NasturtiumHard.mid"
   27       }
   28     ]
   29   }
   30 ]



  この作業が完了したら、教えてください。
  次こそ、私が Makefile と main.cpp を更新し、このJSONファイルを読み込む機能を実装します。

╭──────────────────╮
│  > できました。  │
╰──────────────────╯

✦ ありがとうございます。それでは、いよいよJSONファイルを読み込んで、ゲームに反映させる機能を実装します。

  ---


  開発計画: フェーズ13-2 - JSON読み込み機能の実装


   * 目標: main.cpp 内のハードコーディングされた曲リストを削除し、代わりに songs.json から動的に曲情報を読み込むようにします。
   * 作業:
       1. `Makefile` の更新:
           * json.hpp ライブラリのヘッダーファイルが置かれている libs/json
             フォルダを、コンパイラのインクルードパスに追加します。
       2. `main.cpp` の更新:
           * #include <fstream> と #include "json.hpp" を追加します。
           * main 関数から、ハードコーディングされた std::vector<SongData> songs の定義を削除します。
           * 代わりに、songs.json をファイルとして開き、nlohmann::json
             オブジェクトに内容をパース（解析）し、そのデータを使って std::vector<SongData> songs
             を構築するコードに置き換えます。

  ---


  それでは、まず Makefile を更新します。


 ╭────────────────────────────────────────────────────────────────────────────────────────────────────────────────────╮
 │ ✔  Edit Makefile: CXXFLAGS = -std=c++11 -Wall -I... => CXXFLAGS = -std=c++11 -Wall -I...                           │
 │                                                                                                                    │
 │    1      CXX = g++                                                                                                │
 │    2    - CXXFLAGS = -std=c++11 -Wall -Ilibs/midifile/include -finput-charset=UTF-8 -fexec-charset=UTF-8           │
 │    2    + CXXFLAGS = -std=c++11 -Wall -Ilibs/midifile/include -Ilibs/json -finput-charset=UTF-8                    │
 │           -fexec-charset=UTF-8                                                                                     │
 │    3      LDLIBS = -lsfml-graphics -lsfml-window -lsfml-system -lsfml-audio                                        │
 │    4      TARGET = soundgame.exe                                                                                   │
 │    5      SRC = src/main.cpp                                                                                       │
 ╰────────────────────────────────────────────────────────────────────────────────────────────────────────────────────╯
✦ Makefile の更新が完了しました。
  -Ilibs/json を追加し、コンパイラが json.hpp を見つけられるようにしました。

  次に、main.cpp を更新して、JSONファイルを読み込むロジックを実装します。


 ╭────────────────────────────────────────────────────────────────────────────────────────────────────────────────────╮
 │ ✔  Edit src/main.cpp: #include <SFML/Graphics.hpp>... => #include <SFML/Graphics.hpp>...                           │
 │                                                                                                                    │
 │    4      #include <string>                                                                                        │
 │    5      #include <cmath> // for abs()                                                                            │
 │    6      #include <algorithm> // for sort()                                                                       │
 │    7    + #include <fstream> // for file reading                                                                   │
 │    8      #include "MidiFile.h"                                                                                    │
 │    9    + #include "json.hpp"                                                                                      │
 │    10                                                                                                              │
 │    11   + // for convenience                                                                                       │
 │    12   + using json = nlohmann::json;                                                                             │
 │    13   +                                                                                                          │
 │    14     // --- 定数定義 ---                                                                                      │
 │    15     const int WINDOW_WIDTH = 800;                                                                            │
 │    16     const int WINDOW_HEIGHT = 600;                                                                           │
 ╰────────────────────────────────────────────────────────────────────────────────────────────────────────────────────╯
 ╭────────────────────────────────────────────────────────────────────────────────────────────────────────────────────╮
 │ ✔  Edit src/main.cpp:     std::vector<SongData> song... =>     // --- 曲リストをJSONから読み込み ---...            │
 │                                                                                                                    │
 │    135    sf::Sound tapSound;                                                                                      │
 │    136    tapSound.setBuffer(tapSoundBuffer);                                                                      │
 │    137                                                                                                             │
 │    138  - std::vector<SongData> songs = {                                                                          │
 │    138  + // --- 曲リストをJSONから読み込み ---                                                                    │
 │    139  + std::vector<SongData> songs;                                                                             │
 │    140  + std::ifstream ifs("songs.json");                                                                         │
 │    141  + if (ifs.is_open())                                                                                       │
 │    142    {                                                                                                        │
 │    140  -         "Test", "audio/test.ogg",                                                                        │
 │    141  -         { {"NORMAL", "midi/test.mid"} }                                                                  │
 │    142  -     },                                                                                                   │
 │    143  +     json j = json::parse(ifs);                                                                           │
 │    144  +     for (const auto& song_json : j)                                                                      │
 │    145        {                                                                                                    │
 │    144  -         "Nasturtium", "audio/Nasturtium.ogg",                                                            │
 │    146  +         SongData song_data;                                                                              │
 │    147  +         song_data.title = song_json.at("title").get<std::string>();                                      │
 │    148  +         song_data.audioPath = song_json.at("audio_path").get<std::string>();                             │
 │    149  +         for (const auto& chart_json : song_json.at("charts"))                                            │
 │    150            {                                                                                                │
 │    146  -             {"EASY", "midi/NasturtiumEasy.mid"},                                                         │
 │    147  -             {"NORMAL", "midi/NasturtiumNormal.mid"},                                                     │
 │    148  -             {"HARD", "midi/NasturtiumHard.mid"}                                                          │
 │    151  +             ChartData chart_data;                                                                        │
 │    152  +             chart_data.difficultyName = chart_json.at("difficulty").get<std::string>();                  │
 │    153  +             chart_data.chartPath = chart_json.at("chart_path").get<std::string>();                       │
 │    154  +             song_data.charts.push_back(chart_data);                                                      │
 │    155            }                                                                                                │
 │    156  +         songs.push_back(song_data);                                                                      │
 │    157        }                                                                                                    │
 │    151  - };                                                                                                       │
 │    ══════════════════════════════════════════════════════════════════════════════════════════════════════════════  │
 │    158  + }                                                                                                        │
 │    159                                                                                                             │
 │    160  + if (songs.empty())                                                                                       │
 │    161  + {                                                                                                        │
 │    162  +     // JSONが読めなかったか空だった場合のエラー処理                                                      │
 │    163  +     return -1;                                                                                           │
 │    164  + }                                                                                                        │
 │    165  +                                                                                                          │
 │    166    // --- UI要素の準備 ---                                                                                  │
 │    167    // タイトル画面                                                                                          │
 │    168    sf::Text titleText("Sound Game", font, 80);                                                              │
 ╰────────────────────────────────────────────────────────────────────────────────────────────────────────────────────╯
✦ main.cpp の更新が完了しました。

  主な変更点


   * #include の追加: ファイル読み込みのための <fstream> と、JSONを扱うための "json.hpp" を追加しました。
   * ハードコードされた曲リストの削除: main関数内に直接書かれていた std::vector<SongData> songs = { ... };
     の部分を完全に削除しました。
   * JSON読み込みロジックの追加:
       * std::ifstream ifs("songs.json"); で songs.json ファイルを開きます。
       * json j = json::parse(ifs); で、ファイルの内容をJSONオブジェクトとして解析します。
       * for ループを使ってJSONの配列を一つずつ処理し、song_json.at("title").get<std::string>()
         のような形でキーを指定して値を取り出し、SongData と ChartData の構造体に詰めていきます。
       * 最終的に、JSONファイルの内容と同じ構造を持つ songs ベクターを動的に構築します。
       * もし songs.json が見つからない、または内容が空だった場合は、エラーとしてプログラムが終了するようになっています。

  ---

  これで、曲の管理がソースコードから完全に分離されました。
  今後、新しい曲を追加したい場合は、songs.json を編集するだけで、プログラムを再コンパイルする必要はありません。


  それでは、make と .\soundgame.exe を実行して、これまでと全く同じように動作することを確認してみてください。

  期待される動作:

   * ゲームが正常に起動し、曲選択画面に "Test" と "Nasturtium" が表示される。
   * それぞれの曲で、正しく難易度選択ができ、ゲームがプレイできる。


  これが確認できれば、JSONによる楽曲管理への移行は成功です。

╭─────────────────────────────────────────────────────────────────────╮
│  > .\soundgame.exeを実行したらすぐウィンドウが閉じてしまいました。  │
╰─────────────────────────────────────────────────────────────────────╯

✦ 承知いたしました。実行後すぐにウィンドウが閉じてしまうのですね。
  これは、プログラムの起動直後に何らかのエラーが発生し、メインのゲームループに入る前に処理が終了してしまっている典型的な症状で
  す。


  原因として最も可能性が高いのは、「`songs.json` ファイルの読み込みに失敗した」ことです。


  以下のいずれかの状況が考えられます。
   1. songs.json が soundgame.exe と同じ場所にない。
   2. songs.json のファイル名が間違っている。
   3. songs.json の中身に、JSONの文法として正しくない箇所（例: カンマの付け忘れなど）がある。

  ---

  原因を特定するためのデバッグ

  この問題を解決するために、プログラムに「どこで処理が失敗したのか」をコンソールに出力する、簡単なデバッグ機能を追加します。


   1. `main.cpp` に `#include <iostream>` を追加し、コンソール出力を使えるようにします。
   2. JSONファイルの読み込み処理を try...catch
      ブロックで囲み、文法エラーが発生したらそれを捕まえてメッセージを表示するようにします。
   3. ファイルが開けなかった場合や、中身が空だった場合にも、それぞれエラーメッセージを表示するようにします。

  ---

  それでは、このデバッグ機能を追加するために main.cpp を更新します。


 ╭───────────────────────────────────────────────────────────────────────────────────────────────╮
 │ -  Edit src/main.cpp: #include <fstream> // for file... => #include <iostream> // for deb...  │
 ╰───────────────────────────────────────────────────────────────────────────────────────────────╯

╭─────────────────────────────────────────────────────────────────────────────────────────────────────────────────────╮
│  > songs.jsonがsoundgame.exeと同じ場所にありませんでした。申し訳ございません。指摘してくれてありがとうございます。  │
╰─────────────────────────────────────────────────────────────────────────────────────────────────────────────────────╯

✦ いえいえ、とんでもないです！原因が判明して何よりです。
  プログラミングでは、ファイルパスの間違いは本当によくあることなので、気になさらないでください。


  songs.json を soundgame.exe と同じ場所に移動していただければ、今度こそ正しく動作するはずです。


  お手数ですが、ファイルを移動してから、再度 .\soundgame.exe を実行してみてください。

╭──────────────────╮
│  > できました。  │
╰──────────────────╯

✦ 素晴らしい！動作のご確認、ありがとうございます。


  これで、楽曲の管理をソースコードから完全に分離し、メンテナンス性と拡張性の高いシステムを構築することができました。これは非
  常に大きな前進です。


  私たちのゲームは、今や
   * タイトル、曲選択、難易度選択、プレイ、リザルトという一連の画面遷移
   * MIDIファイルからの譜面読み込み
   * JSONファイルによる楽曲管理


  といった、本格的なゲームに求められる多くの機能を備えるに至りました。素晴らしい成果です！

  さて、ここからさらにゲームを磨き上げていくとしたら、どのようなことに挑戦したいですか？
  例えば、以下のようなアイデアが考えられます。


   * ハイスコア機能: 曲ごと、難易度ごとにハイスコアを記録し、リザルト画面や曲選択画面で表示する。
   * ビジュアルのさらなる強化:
       * 判定ライン上を流れるパーティクルエフェクトを追加する。
       * コンボ数表示をもっと派手にする（例: 100コンボごとに色が変わる、大きくなるなど）。
   * オプション画面: ノーツの落下速度などをプレイヤーが変更できるようにする。
   * ポーズ機能: プレイ中にゲームを一時停止できるようにする。


  もちろん、ここで一区切りとしても、非常に完成度の高い素晴らしいプロトタイプです。
  あなたの次のご希望をお聞かせください。

╭──────────────────────────────────────────────────────────────────────────────────────────────────────────────────────────────╮
│  > ポーズ画面の追加をしようと思います。私が追加したい機能として具体的なものは、ゲームを一時停止する機能、一時停止時にプレイ │
│    を続ける機能、曲を選択する画面に戻る機能、プレイをやり直すリトライ機能を追加したいです。                                 │
╰──────────────────────────────────────────────────────────────────────────────────────────────────────────────────────────────╯

✦ はい、承知いたしました。ポーズ機能の実装ですね。素晴らしいです！
  リトライや曲選択に戻る機能まで含めると、プレイヤーの体験が格段に向上しますね。非常に的確な機能追加だと思います。

  ---


  開発計画: フェーズ14 - ポーズ機能の実装


   * 目標: プレイ中に特定のキー（例:
     Escapeキー）を押すことでポーズメニューを開き、「再開」「リトライ」「曲選択に戻る」の3つの選択肢を提供します。
   * 作業計画:
       1. `GameState` の拡張:
           * GameState に PAUSED という新しい状態を追加します。
       2. ポーズメニューUIの作成:
           * 「PAUSED」というタイトルと、「Resume」「Retry」「Back to Select」という3つの選択肢を表示するための sf::Text
             オブジェクトを準備します。
           * ポーズ中は、背景を少し暗くする半透明のオーバーレイを描画し、ゲーム画面とメニューを視覚的に区別できるようにします。
       3. ステートの遷移:
           * PLAYING → PAUSED: PLAYING ステート中に Escape キーが押されたら、gameState を PAUSED に変更し、BGMの再生を一時停止
             (music.pause()) します。
           * PAUSED → PLAYING: ポーズメニューで「Resume」が選択されたら、gameState を PLAYING に戻し、BGMの再生を再開
             (music.play()) します。
       4. ポーズメニューの操作:
           * PAUSED ステート中に、上下キーでメニュー項目を選択できるようにします。
           * Enterキーで選択した項目を実行します。
       5. 各機能の実装:
           * Resume: 上記の通り、ステートを PLAYING に戻し、音楽を再開します。
           * Retry: 現在プレイ中の曲と難易度で、ゲームを最初からやり直します。これは、ゲーム開始時の変数リセット処理を再利用す
             ることで実現できます。
           * Back to Select: gameState を SONG_SELECTION に変更し、BGMを停止 (music.stop()) して曲選択画面に戻ります。

  ---

  この計画で進めてよろしいでしょうか？
  これはステート管理の集大成とも言える、非常にやりごたえのある実装になります。



  もしよろしければ、早速 main.cpp の更新に着手します。

╭──────────────────────────────────────────────────────────────────────╮
│  > その計画で大丈夫です。それではmain.cppの更新に着手してください。  │
╰──────────────────────────────────────────────────────────────────────╯

✦ はい、承知いたしました。
  それでは、ポーズ機能とメニューを実装するために main.cpp を更新します。
  これはコードの様々な箇所に手を入れる、比較的大きな更新となります。

  ---

  `main.cpp` の主な変更点


   1. `GameState` の拡張:
       * enum class GameState に PAUSED を追加します。
   2. ポーズメニュー用UIの準備:
       * main 関数の冒頭で、ポーズメニューの各項目（"PAUSED", "Resume"など）に対応する sf::Text
         と、画面を暗くするための半透明な黒い四角形 pauseOverlay を準備します。
   3. 新しい変数の追加:
       * ポーズメニューでどの項目が選択されているかを記録するための selectedPauseMenuIndex を追加します。
   4. イベント処理の変更:
       * プレイ中: Escape キーが押されたら、gameState を PAUSED に変更し、music.pause() を呼び出します。
       * ポーズ中 (新規): 新しく PAUSED ステートの処理ブロックを追加します。
           * 上下キーでメニュー項目を選択できるようにします。
           * Enterキーで「再開」「リトライ」「曲選択に戻る」の各機能を実行するようにします。
   5. 更新処理の追加:
       * PAUSED ステートの更新処理ブロックを追加し、選択されているメニュー項目をハイライト（黄色で表示）するようにします。
   6. 描画処理の変更:
       * PAUSED ステートの時は、まず背景となるプレイ画面を描画し、その上に半透明のオーバーレイを重ね、最後にポーズメニューを描
         画します。これにより、メニューが浮き上がって見えるようになります。

  ---

  それでは、この計画に沿って src/main.cpp を更新します。


 ╭────────────────────────────────────────────────────────────────────────────────────────────────────────────────────╮
 │ ✔  Edit src/main.cpp: #include <SFML/Graphics.hpp>... => #include <SFML/Graphics.hpp>...                           │
 │                                                                                                                    │
 │    42         SONG_SELECTION,                                                                                      │
 │    43         DIFFICULTY_SELECTION,                                                                                │
 │    44         PLAYING,                                                                                             │
 │    45   +     PAUSED,                                                                                              │
 │    46         RESULTS                                                                                              │
 │    47     };                                                                                                       │
 │    48                                                                                                              │
 │    ══════════════════════════════════════════════════════════════════════════════════════════════════════════════  │
 │    195        sf::Text difficultySelectionTitle("", font, 50);                                                     │
 │    196        std::vector<sf::Text> difficultyTexts;                                                               │
 │    197                                                                                                             │
 │    198  +     // ポーズ画面                                                                                        │
 │    199  +     sf::RectangleShape pauseOverlay(sf::Vector2f(WINDOW_WIDTH, WINDOW_HEIGHT));                          │
 │    200  +     pauseOverlay.setFillColor(sf::Color(0, 0, 0, 150)); // 半透明の黒                                    │
 │    201  +     sf::Text pauseTitle("PAUSED", font, 60);                                                             │
 │    202  +     textRect = pauseTitle.getLocalBounds();                                                              │
 │    203  +     pauseTitle.setOrigin(textRect.left + textRect.width / 2.0f, textRect.top + textRect.height / 2.0f);  │
 │    204  +     pauseTitle.setPosition(WINDOW_WIDTH / 2.0f, 150.f);                                                  │
 │    205  +                                                                                                          │
 │    206  +     std::vector<sf::Text> pauseMenuTexts(3);                                                             │
 │    207  +     std::vector<std::string> pauseMenuStrings = {"Resume", "Retry", "Back to Select"};                   │
 │    208  +     for(size_t i = 0; i < pauseMenuTexts.size(); ++i) {                                                  │
 │    209  +         pauseMenuTexts[i].setFont(font);                                                                 │
 │    210  +         pauseMenuTexts[i].setCharacterSize(32);                                                          │
 │    211  +         pauseMenuTexts[i].setString(pauseMenuStrings[i]);                                                │
 │    212  +         textRect = pauseMenuTexts[i].getLocalBounds();                                                   │
 │    213  +         pauseMenuTexts[i].setOrigin(textRect.left + textRect.width / 2.0f, textRect.top +                │
 │           textRect.height / 2.0f);                                                                                 │
 │    214  +         pauseMenuTexts[i].setPosition(WINDOW_WIDTH / 2.0f, 280.f + i * 60.f);                            │
 │    215  +     }                                                                                                    │
 │    216  +                                                                                                          │
 │    217        // ゲームプレイ画面                                                                                  │
 │    218        sf::Text scoreText("", scoreFont, 30);                                                               │
 │    219        scoreText.setPosition(10, 10);                                                                       │
 │    ══════════════════════════════════════════════════════════════════════════════════════════════════════════════  │
 │    288        sf::Music music;                                                                                     │
 │    289        size_t selectedSongIndex = 0;                                                                        │
 │    290        size_t selectedDifficultyIndex = 0;                                                                  │
 │    291  +     size_t selectedPauseMenuIndex = 0;                                                                   │
 │    292                                                                                                             │
 │    293        // --- ゲームループ ---                                                                              │
 │    294        while (window.isOpen())                                                                              │
 │    ══════════════════════════════════════════════════════════════════════════════════════════════════════════════  │
 │    383                {                                                                                            │
 │    384                    if (event.type == sf::Event::KeyPressed)                                                 │
 │    385                    {                                                                                        │
 │    386  +                     if (event.key.code == sf::Keyboard::Escape)                                          │
 │    387  +                     {                                                                                    │
 │    388  +                         gameState = GameState::PAUSED;                                                   │
 │    389  +                         music.pause();                                                                   │
 │    390  +                     }                                                                                    │
 │    391  +                     else                                                                                 │
 │    392  +                     {                                                                                    │
 │    393                            bool keyProcessed = false;                                                       │
 │    394                            for (int i = 0; i < LANE_COUNT; ++i)                                             │
 │    395                            {                                                                                │
 │    ══════════════════════════════════════════════════════════════════════════════════════════════════════════════  │
 │    444                            }                                                                                │
 │    445                        }                                                                                    │
 │    446                    }                                                                                        │
 │    447  +             }                                                                                            │
 │    448  +             else if (gameState == GameState::PAUSED)                                                     │
 │    449  +             {                                                                                            │
 │    450  +                 if (event.type == sf::Event::KeyPressed)                                                 │
 │    451  +                 {                                                                                        │
 │    452  +                     if (event.key.code == sf::Keyboard::Down)                                            │
 │    453  +                     {                                                                                    │
 │    454  +                         selectedPauseMenuIndex = (selectedPauseMenuIndex + 1) % pauseMenuTexts.size();   │
 │    455  +                     }                                                                                    │
 │    456  +                     else if (event.key.code == sf::Keyboard::Up)                                         │
 │    457  +                     {                                                                                    │
 │    458  +                         selectedPauseMenuIndex = (selectedPauseMenuIndex + pauseMenuTexts.size() - 1) %  │
 │           pauseMenuTexts.size();                                                                                   │
 │    459  +                     }                                                                                    │
 │    460  +                     else if (event.key.code == sf::Keyboard::Enter)                                      │
 │    461  +                     {                                                                                    │
 │    462  +                         if (selectedPauseMenuIndex == 0) // Resume                                       │
 │    463  +                         {                                                                                │
 │    464  +                             gameState = GameState::PLAYING;                                              │
 │    465  +                             music.play();                                                                │
 │    466  +                         }                                                                                │
 │    467  +                         else if (selectedPauseMenuIndex == 1) // Retry                                   │
 │    468  +                         {                                                                                │
 │    469  +                             gameState = GameState::PLAYING;                                              │
 │    470  +                             score = 0;                                                                   │
 │    471  +                             combo = 0;                                                                   │
 │    472  +                             maxCombo = 0;                                                                │
 │    473  +                             perfectCount = 0;                                                            │
 │    474  +                             greatCount = 0;                                                              │
 │    475  +                             missCount = 0;                                                               │
 │    476  +                             nextNoteIndex = 0;                                                           │
 │    477  +                             activeNotes.clear();                                                         │
 │    478  +                             music.stop();                                                                │
 │    479  +                             music.play();                                                                │
 │    480  +                         }                                                                                │
 │    481  +                         else if (selectedPauseMenuIndex == 2) // Back to Select                          │
 │    482  +                         {                                                                                │
 │    483  +                             gameState = GameState::SONG_SELECTION;                                       │
 │    484  +                             music.stop();                                                                │
 │    485  +                         }                                                                                │
 │    486  +                     }                                                                                    │
 │    487  +                     else if (event.key.code == sf::Keyboard::Escape)                                     │
 │    488  +                     {                                                                                    │
 │    489  +                         gameState = GameState::PLAYING;                                                  │
 │    490  +                         music.play();                                                                    │
 │    491  +                     }                                                                                    │
 │    492  +                 }                                                                                        │
 │    493  +             }                                                                                            │
 │    494                else if (gameState == GameState::RESULTS)                                                    │
 │    495                {                                                                                            │
 │    496                    if (event.type == sf::Event::KeyPressed && event.key.code == sf::Keyboard::Enter)        │
 │    ══════════════════════════════════════════════════════════════════════════════════════════════════════════════  │
 │    529                    }                                                                                        │
 │    530                }                                                                                            │
 │    531            }                                                                                                │
 │    532  +         else if (gameState == GameState::PAUSED)                                                         │
 │    533  +         {                                                                                                │
 │    534  +             for(size_t i = 0; i < pauseMenuTexts.size(); ++i)                                            │
 │    535  +             {                                                                                            │
 │    536  +                 if(i == selectedPauseMenuIndex)                                                          │
 │    537  +                 {                                                                                        │
 │    538  +                     pauseMenuTexts[i].setFillColor(sf::Color::Yellow);                                   │
 │    539  +                 }                                                                                        │
 │    540  +                 else                                                                                     │
 │    541  +                 {                                                                                        │
 │    542  +                     pauseMenuTexts[i].setFillColor(sf::Color::White);                                    │
 │    543  +                 }                                                                                        │
 │    544  +             }                                                                                            │
 │    545  +         }                                                                                                │
 │    546            else if (gameState == GameState::PLAYING)                                                        │
 │    547            {                                                                                                │
 │    548                float currentMusicTime = music.getPlayingOffset().asSeconds();                               │
 │    ══════════════════════════════════════════════════════════════════════════════════════════════════════════════  │
 │    668                    window.draw(judgmentText);                                                               │
 │    669                }                                                                                            │
 │    670            }                                                                                                │
 │    671  +         else if (gameState == GameState::PAUSED)                                                         │
 │    672  +         {                                                                                                │
 │    673  +             // ポーズ中はプレイ画面を背景として描画                                                      │
 │    674  +             window.draw(backgroundSprite);                                                               │
 │    675  +             for (const auto& lane : lanes) { window.draw(lane); }                                        │
 │    676  +             window.draw(judgmentLine);                                                                   │
 │    677  +             for (const auto& note : activeNotes) {                                                       │
 │    678  +                 if (note.shape.getPosition().y > -NOTE_HEIGHT && note.shape.getPosition().y <            │
 │           WINDOW_HEIGHT) {                                                                                         │
 │    679  +                     window.draw(note.shape);                                                             │
 │    680  +                 }                                                                                        │
 │    681  +             }                                                                                            │
 │    682  +             window.draw(scoreText);                                                                      │
 │    683  +             if (combo > 2) { window.draw(comboText); }                                                   │
 │    684  +             if (judgmentClock.getElapsedTime().asSeconds() < 0.5f) {                                     │
 │    685  +                 window.draw(judgmentText);                                                               │
 │    686  +             }                                                                                            │
 │    687  +                                                                                                          │
 │    688  +             // オーバーレイとメニューを描画                                                              │
 │    689  +             window.draw(pauseOverlay);                                                                   │
 │    690  +             window.draw(pauseTitle);                                                                     │
 │    691  +             for(const auto& text : pauseMenuTexts) {                                                     │
 │    692  +                 window.draw(text);                                                                       │
 │    693  +             }                                                                                            │
 │    694  +         }                                                                                                │
 │    695            else if (gameState == GameState::RESULTS)                                                        │
 │    696            {                                                                                                │
 │    697                window.draw(resultBackgroundSprite);                                                         │
 ╰────────────────────────────────────────────────────────────────────────────────────────────────────────────────────╯
✦ main.cpp の更新が完了しました。
  ご要望のポーズ機能を、メニュー選択肢を含めて完全に実装しました。

  ---


  主な変更点


   1. `GameState` に `PAUSED` を追加:
       * ゲームの状態として「ポーズ中」を定義しました。
   2. ポーズメニューUIの準備:
       * main 関数の冒頭で、ポーズメニューのタイトル、3つの選択肢（Resume, Retry, Back to
         Select）のテキスト、そして背景を暗くする半透明のオーバーレイを準備しました。
   3. イベント処理の拡張:
       * `PLAYING` 中: Escape キーが押されると、gameState を PAUSED に変更し、music.pause() でBGMを一時停止します。
       * `PAUSED` 中:
           * Escape キーでポーズを解除（Resume）できるようにしました。
           * 上下キーでメニュー（Resume, Retry, Back to Select）を選択できます。
           * Enterキーで選択した項目を実行します。
               * Resume: music.play() でBGMを再開し、gameState を PLAYING に戻します。
               * Retry: ゲームプレイに関する全ての変数（スコア、コンボ、ノーツ位置など）をリセットし、music.stop() と
                 music.play() で曲を最初から再生し直します。
               * Back to Select: music.stop() でBGMを完全に停止し、gameState を SONG_SELECTION に戻します。
   4. 描画処理の拡張:
       * gameState が PAUSED
         の時、まず背景となるプレイ中の画面を描画し、その上に半透明の黒いオーバーレイを重ね、最後にポーズメニューのテキストを
         描画するようにしました。これにより、メニューがゲーム画面の上に浮き上がって見えるようになっています。

  ---

  これで、より快適に遊べる、非常にユーザビリティの高いゲームになりました。


  それでは、make と .\soundgame.exe を実行して、新しいポーズ機能の動作を確認してみてください。

  期待される動作:


   1. ゲームプレイ中に Escape キーを押すと、音楽が止まり、半透明の黒い画面の上にポーズメニューが表示される。
   2. 上下キーで「Resume」「Retry」「Back to Select」を選択でき、選択中の項目が黄色くハイライトされる。
   3. Resume を選んでEnterを押すと、ゲームが中断したところから再開される。
   4. Retry を選んでEnterを押すと、同じ曲が最初からやり直しになる。
   5. Back to Select を選んでEnterを押すと、曲選択画面に戻る。


  どうぞ、お試しください！

╭────────────────────────────────────────╮
│  > できました。ありがとうございます。  │
╰────────────────────────────────────────╯

✦ どういたしまして！動作のご確認、ありがとうございます。
  ポーズ機能が無事に実装できたとのこと、本当によかったです。


  これで、私たちのゲームは、
   * JSONによる柔軟な楽曲管理
   * タイトル→曲選択→難易度選択→プレイ→リザルト→曲選択という完成されたゲームサイクル
   * プレイ中のリトライや中断も可能な、快適なポーズ機能

  を備える、非常に完成度の高いものとなりました。素晴らしい成果です！
  ここまで根気強く、そして的確なご指示をいただき、誠にありがとうございました。


  さて、一通りの機能は実装できましたが、もしさらにゲームを磨き上げるとしたら、どのようなことに挑戦したいですか？
  例えば、ハイスコアの記録や、オプション画面の追加なども考えられます。


  もちろん、このバージョンを一つの完成形として、ここで一区切りとするのも素晴らしい選択だと思います。
  あなたの次の一手をお聞かせください。

╭──────────────────────────────────────────────────────────╮
│  > 今日はこれで終わりにします。ありがとうございました。  │
╰──────────────────────────────────────────────────────────╯

✦ はい、承知いたしました。
  こちらこそ、本当にありがとうございました！
  数々の機能を追加し、素晴らしいゲームを一緒に作り上げることができて、とても楽しかったです。


  最後に、本日の作業内容（ポーズ機能の実装）を、これまでのやり取りと共に soundgame.log に追記し、MEMO.md
  を最終状態に更新しておきますか？

╭──────────────────────────────────────────╮
│  > 大丈夫です。自分で追記しておきます。  │
╰──────────────────────────────────────────╯


ℹ Request cancelled.


╭───────────────────────────────────────────────────────────────────────────────────────╮
│  > 大丈夫です。自分で追加しておきます。ですが、MEMO.mdは最終状態に更新してください。  │
╰───────────────────────────────────────────────────────────────────────────────────────╯

✦ はい、承知いたしました。
  それでは、これまでの全ての成果を反映させた、最終版の MEMO.md を作成します。

 ╭────────────────────────────────────────────────────────────────────────────────────────────────────────────────────╮
 │ ✔  WriteFile Writing to MEMO.md                                                                                    │
 │                                                                                                                    │
 │    1    - # 音ゲー開発プロジェクト進捗メモ                                                                         │
 │    1    + # Sound Game Project Progress                                                                            │
 │    2                                                                                                               │
 │    3    - ## 日付                                                                                                  │
 │    4    - 2025-07-05                                                                                               │
 │    3    + ## Version 1.0 - Feature Complete Prototype                                                              │
 │    4                                                                                                               │
 │    6    - ## 本日の達成事項                                                                                        │
 │    5    + This document summarizes the development progress of the Sound Game project.                             │
 │    6    + The project has successfully implemented a feature-rich prototype of a rhythm game.                      │
 │    7                                                                                                               │
 │    8    - 1.  **開発方針の決定:**                                                                                  │
 │    9    -     *   当初の C++ コンソールアプリケーション案から、よりリッチな表現が可能な **SFML (Simple and Fast    │
 │           Multimedia Library)** を使用するグラフィカルアプリケーション案へ変更。                                   │
 │    8    + ### Core Gameplay Features:                                                                              │
 │    9    + - **6-Lane Rhythm Game:** The fundamental gameplay mechanic is a 6-lane rhythm game.                     │
 │    10   + - **Note Spawning:** Notes scroll from the top to the bottom of the screen.                              │
 │    11   + - **Judgment System:** Implemented a hit judgment system with "Perfect", "Great", and "Miss" ratings     │
 │           based on timing accuracy.                                                                                │
 │    12   + - **Scoring System:** Players receive score points based on their performance. A combo counter tracks    │
 │           consecutive successful hits.                                                                             │
 │    13                                                                                                              │
 │    11   - 2.  **開発環境のセットアップ:**                                                                          │
 │    12   -     *   SFML開発ライブラリ (`libsfml-dev`) をインストール。                                              │
 │    13   -     *   `Makefile` を更新し、SFMLのライブラリ (`sfml-graphics`, `sfml-window`, `sfml-system`)            │
 │           をリンクするように設定。                                                                                 │
 │    14   + ### Music and Chart Features:                                                                            │
 │    15   + - **MIDI-based Chart Loading:** The game can read and parse `.mid` files to generate note charts         │
 │           dynamically.                                                                                             │
 │    16   + - **BGM Synchronization:** Note scrolling is precisely synchronized with the BGM playback time.          │
 │    17   + - **External Song Management:** All song data, including titles, audio file paths, and chart file        │
 │           paths, is managed externally via a `songs.json` file, allowing for easy addition of new songs without    │
 │           recompiling.                                                                                             │
 │    18                                                                                                              │
 │    15   - 3.  **基本ウィンドウの表示:**                                                                            │
 │    16   -     *   `src/main.cpp` をSFMLのコードに書き換え、800x600のゲームウィンドウを表示させることに成功。       │
 │    17   -     *   WSL環境でのGUI表示に必要なXサーバーの設定を行い、実行時のディスプレイエラーを解決。              │
 │    19   + ### User Interface and Experience (UI/UX):                                                               │
 │    20   + - **Complete Game Flow:** A full game cycle is implemented:                                              │
 │    21   +   1.  **Title Screen:** The game starts with a title screen.                                             │
 │    22   +   2.  **Song Selection:** Players can choose a song from a list loaded from `songs.json`.                │
 │    23   +   3.  **Difficulty Selection:** For each song, players can select a difficulty level (EASY, NORMAL,      │
 │           HARD).                                                                                                   │
 │    24   +   4.  **Gameplay Screen:** The main game screen where notes are played.                                  │
 │    25   +   5.  **Pause Menu:** Players can pause the game to access "Resume", "Retry", and "Back to Select"       │
 │           options.                                                                                                 │
 │    26   +   6.  **Results Screen:** After a song is completed, a results screen displays the final score, max      │
 │           combo, and a breakdown of Perfect/Great/Miss counts.                                                     │
 │    27   + - **Visual Enhancements:** The game includes background images for both the gameplay and results         │
 │           screens, and uses multiple fonts to improve visual clarity.                                              │
 │    28   + - **Audio Feedback:** A tap sound effect is played upon hitting a note, enhancing the gameplay           │
 │           experience.                                                                                              │
 │    29                                                                                                              │
 │    19   - ## 現在の実装状況                                                                                        │
 │    20   -                                                                                                          │
 │    21   - *   `make` コマンドでコンパイル可能。                                                                    │
 │    22   - *   `./soundgame` で実行すると、黒い背景のウィンドウが表示される。                                       │
 │    23   - *   （※最後のコード更新はキャンセルされたため、レーンとノーツの描画はまだ反映されていない）              │
 │    24   -                                                                                                          │
 │    25   - ## 次回の作業予定                                                                                        │
 │    26   -                                                                                                          │
 │    27   - *   `src/main.cpp` を更新し、ゲーム画面の基本的な要素を描画する。                                        │
 │    28   -     *   6本のレーンを描画する。                                                                          │
 │    29   -     *   テスト用のノーツが上から下へ落下するアニメーションを実装する。                                   │
 │    30   + ### Technical Details:                                                                                   │
 │    31   + - **Language:** C++                                                                                      │
 │    32   + - **Library:** SFML (Simple and Fast Multimedia Library) for graphics, audio, and windowing.             │
 │    33   + - **External Libraries:**                                                                                │
 │    34   +   - **Midifile:** For parsing MIDI chart data.                                                           │
 │    35   +   - **nlohmann/json:** For parsing the `songs.json` configuration file.                                  │
 │    36   + - **Development Environment:** The project was developed in a hybrid environment, with code editing on   │
 │           WSL and compilation/execution on Windows (using MinGW-w64) to ensure native performance for audio and    │
 │           graphics.                                                                                                │
 ╰────────────────────────────────────────────────────────────────────────────────────────────────────────────────────╯
✦ MEMO.md を最終状態に更新しました。


  承知いたしました。それでは、本日の作業はこれで終了とさせていただきます。
  素晴らしいゲーム開発の道のりを共に歩むことができ、大変光栄でした。
  また何か新しいプロジェクトに挑戦したくなった時や、このゲームのさらなるアップデートをしたくなった時には、いつでもお声がけく
  ださい。


  本当にありがとうございました！お疲れ様でした。